<?xml version="1.0" encoding="UTF-8"?>
<!-- Generated by org.testng.reporters.JUnitXMLReporter -->
<testsuite hostname="DESKTOP-7MOHEMN" ignored="0" name="Default test" tests="3" failures="0" timestamp="04 Jun 2018 15:33:02 GMT" time="42.531" errors="0">
  <testcase name="tcc1" time="11.636" classname="Scripts.Testcase1"/>
  <testcase name="tcc2" time="1.152" classname="Scripts.Testcase2"/>
  <testcase name="test3" time="3.012" classname="Scripts.Testcase3"/>
</testsuite> <!-- Default test -->
