<?xml version="1.0" encoding="UTF-8"?>
<testng-results skipped="0" failed="0" ignored="0" total="3" passed="3">
  <reporter-output>
  </reporter-output>
  <suite name="Default suite" duration-ms="42531" started-at="2018-06-04T15:32:19Z" finished-at="2018-06-04T15:33:02Z">
    <groups>
    </groups>
    <test name="Default test" duration-ms="42531" started-at="2018-06-04T15:32:19Z" finished-at="2018-06-04T15:33:02Z">
      <class name="Scripts.Testcase1">
        <test-method status="PASS" signature="openapp()[pri:0, instance:Scripts.Testcase1@1060b431]" name="openapp" is-config="true" duration-ms="12561" started-at="2018-06-04T15:32:19Z" finished-at="2018-06-04T15:32:32Z">
          <reporter-output>
          </reporter-output>
        </test-method> <!-- openapp -->
        <test-method status="PASS" signature="tcc1()[pri:0, instance:Scripts.Testcase1@1060b431]" name="tcc1" duration-ms="11636" started-at="2018-06-04T15:32:32Z" finished-at="2018-06-04T15:32:44Z">
          <reporter-output>
          </reporter-output>
        </test-method> <!-- tcc1 -->
        <test-method status="PASS" signature="closeapp()[pri:0, instance:Scripts.Testcase1@1060b431]" name="closeapp" is-config="true" duration-ms="479" started-at="2018-06-04T15:32:44Z" finished-at="2018-06-04T15:32:44Z">
          <reporter-output>
          </reporter-output>
        </test-method> <!-- closeapp -->
      </class> <!-- Scripts.Testcase1 -->
      <class name="Scripts.Testcase2">
        <test-method status="PASS" signature="openapp()[pri:0, instance:Scripts.Testcase2@612679d6]" name="openapp" is-config="true" duration-ms="6376" started-at="2018-06-04T15:32:44Z" finished-at="2018-06-04T15:32:50Z">
          <reporter-output>
          </reporter-output>
        </test-method> <!-- openapp -->
        <test-method status="PASS" signature="tcc2()[pri:0, instance:Scripts.Testcase2@612679d6]" name="tcc2" duration-ms="1152" started-at="2018-06-04T15:32:50Z" finished-at="2018-06-04T15:32:52Z">
          <reporter-output>
          </reporter-output>
        </test-method> <!-- tcc2 -->
        <test-method status="PASS" signature="closeapp()[pri:0, instance:Scripts.Testcase2@612679d6]" name="closeapp" is-config="true" duration-ms="321" started-at="2018-06-04T15:32:52Z" finished-at="2018-06-04T15:32:52Z">
          <reporter-output>
          </reporter-output>
        </test-method> <!-- closeapp -->
      </class> <!-- Scripts.Testcase2 -->
      <class name="Scripts.Testcase3">
        <test-method status="PASS" signature="openapp()[pri:0, instance:Scripts.Testcase3@11758f2a]" name="openapp" is-config="true" duration-ms="6371" started-at="2018-06-04T15:32:52Z" finished-at="2018-06-04T15:32:58Z">
          <reporter-output>
          </reporter-output>
        </test-method> <!-- openapp -->
        <test-method status="PASS" signature="test3()[pri:0, instance:Scripts.Testcase3@11758f2a]" name="test3" duration-ms="3012" started-at="2018-06-04T15:32:58Z" finished-at="2018-06-04T15:33:01Z">
          <reporter-output>
          </reporter-output>
        </test-method> <!-- test3 -->
        <test-method status="PASS" signature="closeapp()[pri:0, instance:Scripts.Testcase3@11758f2a]" name="closeapp" is-config="true" duration-ms="578" started-at="2018-06-04T15:33:01Z" finished-at="2018-06-04T15:33:02Z">
          <reporter-output>
          </reporter-output>
        </test-method> <!-- closeapp -->
      </class> <!-- Scripts.Testcase3 -->
    </test> <!-- Default test -->
  </suite> <!-- Default suite -->
</testng-results>
